This is LuaHBTeX, Version 1.15.0 (MiKTeX 22.3) (format=lualatex 2022.5.5)  15 JUN 2022 15:40
 restricted system commands enabled.
 file:line:error style messages enabled.
**d:/GitHub/FP/V44/main.tex
(d:/GitHub/FP/V44/main.tex
LaTeX2e <2021-11-15> patch level 1
Lua module: luaotfload 2022-03-18 3.21 Lua based OpenType font support
Lua module: lualibs 2021-05-20 2.74 ConTeXt Lua standard libraries.
Lua module: lualibs-extended 2021-05-20 2.74 ConTeXt Lua libraries -- extended c
ollection.
luaotfload | conf : Root cache directory is "C:/Users/Sebas/AppData/Local/MiKTeX
/2.9/luatex-cache/generic/names".
luaotfload | init : Loading fontloader "fontloader-2022-02-24.lua" from kpse-res
olved path "C:/Users/Sebas/AppData/Local/Programs/MiKTeX 2.9/tex/luatex/luaotflo
ad/fontloader-2022-02-24.lua".
Lua-only attribute luaotfload@noligature = 1
luaotfload | init : Context OpenType loader version 3.119
Inserting `luaotfload.node_processor' at position 1 in `pre_linebreak_filter'.
Inserting `luaotfload.node_processor' at position 1 in `hpack_filter'.
Inserting `luaotfload.glyph_stream' at position 1 in `glyph_stream_provider'.
Inserting `luaotfload.define_font' at position 1 in `define_font'.
Lua-only attribute luaotfload_color_attribute = 2
luaotfload | conf : Root cache directory is "C:/Users/Sebas/AppData/Local/MiKTeX
/2.9/luatex-cache/generic/names".
Inserting `luaotfload.harf.strip_prefix' at position 1 in `find_opentype_file'.
Inserting `luaotfload.harf.strip_prefix' at position 1 in `find_truetype_file'.
Removing  `luaotfload.glyph_stream' from `glyph_stream_provider'.
Inserting `luaotfload.harf.glyphstream' at position 1 in `glyph_stream_provider'
.
Inserting `luaotfload.harf.finalize_vlist' at position 1 in `post_linebreak_filt
er'.
Inserting `luaotfload.harf.finalize_hlist' at position 2 in `hpack_filter'.
Inserting `luaotfload.cleanup_files' at position 1 in `wrapup_run'.
Inserting `luaotfload.harf.finalize_unicode' at position 1 in `finish_pdffile'.
Inserting `luaotfload.glyphinfo' at position 1 in `glyph_info'.
Lua-only attribute luaotfload.letterspace_done = 3
Inserting `luaotfload.aux.set_sscale_dimens' at position 1 in `luaotfload.patch_
font'.
Inserting `luaotfload.aux.set_font_index' at position 2 in `luaotfload.patch_fon
t'.
Inserting `luaotfload.aux.patch_cambria_domh' at position 3 in `luaotfload.patch
_font'.
Inserting `luaotfload.aux.fixup_fontdata' at position 1 in `luaotfload.patch_fon
t_unsafe'.
Inserting `luaotfload.aux.set_capheight' at position 4 in `luaotfload.patch_font
'.
Inserting `luaotfload.aux.set_xheight' at position 5 in `luaotfload.patch_font'.
Inserting `luaotfload.rewrite_fontname' at position 6 in `luaotfload.patch_font'
. L3 programming layer <2022-04-29>
Inserting `tracingstacklevels' at position 1 in `input_level_string'. (./header
.tex
("C:/Users/Sebas/AppData/Local/Programs/MiKTeX 2.9/tex/latex/koma-script/scrart
cl.cls"
Document Class: scrartcl 2021/11/13 v3.35 KOMA-Script document class (article)

("C:/Users/Sebas/AppData/Local/Programs/MiKTeX 2.9/tex/latex/koma-script/scrkba
se.sty"
Package: scrkbase 2021/11/13 v3.35 KOMA-Script package (KOMA-Script-dependent b
asics and keyval usage)

("C:/Users/Sebas/AppData/Local/Programs/MiKTeX 2.9/tex/latex/koma-script/scrbas
e.sty"
Package: scrbase 2021/11/13 v3.35 KOMA-Script package (KOMA-Script-independent 
basics and keyval usage)

("C:/Users/Sebas/AppData/Local/Programs/MiKTeX 2.9/tex/latex/koma-script/scrlfi
le.sty"
Package: scrlfile 2021/11/13 v3.35 KOMA-Script package (file load hooks)

("C:/Users/Sebas/AppData/Local/Programs/MiKTeX 2.9/tex/latex/koma-script/scrlfi
le-hook.sty"
Package: scrlfile-hook 2021/11/13 v3.35 KOMA-Script package (using LaTeX hooks)


("C:/Users/Sebas/AppData/Local/Programs/MiKTeX 2.9/tex/latex/koma-script/scrlog
o.sty"
Package: scrlogo 2021/11/13 v3.35 KOMA-Script package (logo)
)))
("C:/Users/Sebas/AppData/Local/Programs/MiKTeX 2.9/tex/latex/graphics/keyval.st
y"
Package: keyval 2014/10/28 v1.15 key=value parser (DPC)
\KV@toks@=\toks16
)
Applying: [2021/05/01] Usage of raw or classic option list on input line 252.
Already applied: [0000/00/00] Usage of raw or classic option list on input line
 368.
))
("C:/Users/Sebas/AppData/Local/Programs/MiKTeX 2.9/tex/latex/koma-script/tocbas
ic.sty"
Package: tocbasic 2021/11/13 v3.35 KOMA-Script package (handling toc-files)
\scr@dte@tocline@numberwidth=\skip47
\scr@dte@tocline@numbox=\box50
)
Package tocbasic Info: babel extension for `toc' omitted
(tocbasic)             because of missing \bbl@set@language on input line 135.
Class scrartcl Info: File `scrsize11pt.clo' used instead of
(scrartcl)           file `scrsize11.clo' to setup font sizes on input line 224
2.

("C:/Users/Sebas/AppData/Local/Programs/MiKTeX 2.9/tex/latex/koma-script/scrsiz
e11pt.clo"
File: scrsize11pt.clo 2021/11/13 v3.35 KOMA-Script font size class option (11pt
)
luaotfload | db : Font names database loaded from C:/Users/Sebas/AppData/Local/M
iKTeX/2.9/luatex-cache/generic/names/luaotfload-names.luc.gz)
("C:/Users/Sebas/AppData/Local/Programs/MiKTeX 2.9/tex/latex/koma-script/typear
ea.sty"
Package: typearea 2021/11/13 v3.35 KOMA-Script package (type area)
\ta@bcor=\skip48
\ta@div=\count183
\ta@hblk=\skip49
\ta@vblk=\skip50
\ta@temp=\skip51
\footheight=\skip52
Package typearea Info: These are the values describing the layout:
(typearea)             DIV  = 10
(typearea)             BCOR = 0.0pt
(typearea)             \paperwidth      = 597.50793pt
(typearea)              \textwidth      = 418.25555pt
(typearea)              DIV departure   = -6%
(typearea)              \evensidemargin = 17.3562pt
(typearea)              \oddsidemargin  = 17.3562pt
(typearea)             \paperheight     = 845.04694pt
(typearea)              \textheight     = 595.80026pt
(typearea)              \topmargin      = -25.16531pt
(typearea)              \headheight     = 17.0pt
(typearea)              \headsep        = 20.40001pt
(typearea)              \topskip        = 11.0pt
(typearea)              \footskip       = 47.6pt
(typearea)              \baselineskip   = 13.6pt
(typearea)              on input line 1743.
)
\c@part=\count184
\c@section=\count185
\c@subsection=\count186
\c@subsubsection=\count187
\c@paragraph=\count188
\c@subparagraph=\count189
\scr@dte@section@maxnumwidth=\skip53
Class scrartcl Info: using compatibility default `runin=bysign'
(scrartcl)           for `\section on input line 4852.
Class scrartcl Info: using compatibility default `afterindent=bysign'
(scrartcl)           for `\section on input line 4852.
\scr@dte@part@maxnumwidth=\skip54
Class scrartcl Info: using compatibility default `afterindent=false'
(scrartcl)           for `\part on input line 4860.
\scr@dte@subsection@maxnumwidth=\skip55
Class scrartcl Info: using compatibility default `runin=bysign'
(scrartcl)           for `\subsection on input line 4870.
Class scrartcl Info: using compatibility default `afterindent=bysign'
(scrartcl)           for `\subsection on input line 4870.
\scr@dte@subsubsection@maxnumwidth=\skip56
Class scrartcl Info: using compatibility default `runin=bysign'
(scrartcl)           for `\subsubsection on input line 4880.
Class scrartcl Info: using compatibility default `afterindent=bysign'
(scrartcl)           for `\subsubsection on input line 4880.
\scr@dte@paragraph@maxnumwidth=\skip57
Class scrartcl Info: using compatibility default `runin=bysign'
(scrartcl)           for `\paragraph on input line 4891.
Class scrartcl Info: using compatibility default `afterindent=bysign'
(scrartcl)           for `\paragraph on input line 4891.
\scr@dte@subparagraph@maxnumwidth=\skip58
Class scrartcl Info: using compatibility default `runin=bysign'
(scrartcl)           for `\subparagraph on input line 4901.
Class scrartcl Info: using compatibility default `afterindent=bysign'
(scrartcl)           for `\subparagraph on input line 4901.
\abovecaptionskip=\skip59
\belowcaptionskip=\skip60
\c@pti@nb@sid@b@x=\box51
Package tocbasic Info: babel extension for `lof' omitted
(tocbasic)             because of missing \bbl@set@language on input line 6076.

\scr@dte@figure@maxnumwidth=\skip61
\c@figure=\count190
Package tocbasic Info: babel extension for `lot' omitted
(tocbasic)             because of missing \bbl@set@language on input line 6091.

\scr@dte@table@maxnumwidth=\skip62
\c@table=\count191
Class scrartcl Info: Redefining `\numberline' on input line 6258.
\bibindent=\dimen137
)
("C:/Users/Sebas/AppData/Local/Programs/MiKTeX 2.9/tex/latex/koma-script/scrhac
k.sty"
Package: scrhack 2021/11/13 v3.35 KOMA-Script package (hacking other packages)

("C:/Users/Sebas/AppData/Local/Programs/MiKTeX 2.9/tex/latex/xpatch/xpatch.sty"
("C:/Users/Sebas/AppData/Local/Programs/MiKTeX 2.9/tex/latex/l3kernel/expl3.sty
"
Package: expl3 2022-04-29 L3 programming layer (loader) 

("C:/Users/Sebas/AppData/Local/Programs/MiKTeX 2.9/tex/latex/l3backend/l3backen
d-luatex.def"
File: l3backend-luatex.def 2022-04-20 L3 backend support: PDF output (LuaTeX)
\l__color_backend_stack_int=\count192
\l__pdf_internal_box=\box52
))
Package: xpatch 2020/03/25 v0.3a Extending etoolbox patching commands

("C:/Users/Sebas/AppData/Local/Programs/MiKTeX 2.9/tex/latex/l3packages/xparse/
xparse.sty"
Package: xparse 2022-01-12 L3 Experimental document command parser
)
("C:/Users/Sebas/AppData/Local/Programs/MiKTeX 2.9/tex/latex/etoolbox/etoolbox.
sty"
Package: etoolbox 2020/10/05 v2.5k e-TeX tools for LaTeX (JAW)
\etb@tempcnta=\count193
)))
("C:/Users/Sebas/AppData/Local/Programs/MiKTeX 2.9/tex/latex/rerunfilecheck/rer
unfilecheck.sty"
Package: rerunfilecheck 2019/12/05 v1.9 Rerun checks for auxiliary files (HO)

("C:/Users/Sebas/AppData/Local/Programs/MiKTeX 2.9/tex/latex/kvoptions/kvoption
s.sty"
Package: kvoptions 2020-10-07 v3.14 Key value format for package options (HO)

("C:/Users/Sebas/AppData/Local/Programs/MiKTeX 2.9/tex/generic/ltxcmds/ltxcmds.
sty"
Package: ltxcmds 2019/12/15 v1.24 LaTeX kernel commands for general use (HO)
)
("C:/Users/Sebas/AppData/Local/Programs/MiKTeX 2.9/tex/generic/kvsetkeys/kvsetk
eys.sty"
Package: kvsetkeys 2019/12/15 v1.18 Key value parser (HO)
))
("C:/Users/Sebas/AppData/Local/Programs/MiKTeX 2.9/tex/generic/infwarerr/infwar
err.sty"
Package: infwarerr 2019/12/03 v1.5 Providing info/warning/error messages (HO)
)
("C:/Users/Sebas/AppData/Local/Programs/MiKTeX 2.9/tex/latex/pdftexcmds/pdftexc
mds.sty"
Package: pdftexcmds 2019/11/24 v0.31 Utility functions of pdfTeX for LuaTeX (HO
)

("C:/Users/Sebas/AppData/Local/Programs/MiKTeX 2.9/tex/generic/iftex/iftex.sty"
Package: iftex 2022/02/03 v1.0f TeX engine tests
)
Package pdftexcmds Info: \pdf@primitive is available.
Package pdftexcmds Info: \pdf@ifprimitive is available.
Package pdftexcmds Info: \pdfdraftmode found.
\pdftexcmds@toks=\toks17
)
("C:/Users/Sebas/AppData/Local/Programs/MiKTeX 2.9/tex/latex/base/atveryend-ltx
.sty"
Package: atveryend-ltx 2020/08/19 v1.0a Emulation of the original atveryend pac
kage
with kernel methods
)
("C:/Users/Sebas/AppData/Local/Programs/MiKTeX 2.9/tex/generic/uniquecounter/un
iquecounter.sty"
Package: uniquecounter 2019/12/15 v1.4 Provide unlimited unique counter (HO)

("C:/Users/Sebas/AppData/Local/Programs/MiKTeX 2.9/tex/generic/bigintcalc/bigin
tcalc.sty"
Package: bigintcalc 2019/12/15 v1.5 Expandable calculations on big integers (HO
)
))
Package uniquecounter Info: New unique counter `rerunfilecheck' on input line 2
86.
)
("C:/Users/Sebas/AppData/Local/Programs/MiKTeX 2.9/tex/latex/amsmath/amsmath.st
y"
Package: amsmath 2021/10/15 v2.17l AMS math features
\@mathmargin=\skip63

For additional information on amsmath, use the `?' option.

("C:/Users/Sebas/AppData/Local/Programs/MiKTeX 2.9/tex/latex/amsmath/amstext.st
y"
Package: amstext 2021/08/26 v2.01 AMS text

("C:/Users/Sebas/AppData/Local/Programs/MiKTeX 2.9/tex/latex/amsmath/amsgen.sty
"
File: amsgen.sty 1999/11/30 v2.0 generic functions
\@emptytoks=\toks18
\ex@=\dimen138
))
("C:/Users/Sebas/AppData/Local/Programs/MiKTeX 2.9/tex/latex/amsmath/amsbsy.sty
"
Package: amsbsy 1999/11/29 v1.2d Bold Symbols
\pmbraise@=\dimen139
)
("C:/Users/Sebas/AppData/Local/Programs/MiKTeX 2.9/tex/latex/amsmath/amsopn.sty
"
Package: amsopn 2021/08/26 v2.02 operator names
)
\inf@bad=\count194
LaTeX Info: Redefining \frac on input line 236.
\uproot@=\count195
\leftroot@=\count196
LaTeX Info: Redefining \overline on input line 399.
\classnum@=\count197
\DOTSCASE@=\count198
LaTeX Info: Redefining \ldots on input line 496.
LaTeX Info: Redefining \dots on input line 499.
LaTeX Info: Redefining \cdots on input line 620.
\Mathstrutbox@=\box53
\strutbox@=\box54
\big@size=\dimen140
LaTeX Font Info:    Redeclaring font encoding OML on input line 743.
LaTeX Font Info:    Redeclaring font encoding OMS on input line 744.
\macc@depth=\count199
\c@MaxMatrixCols=\count266
\dotsspace@=\muskip16
\c@parentequation=\count267
\dspbrk@lvl=\count268
\tag@help=\toks19
\row@=\count269
\column@=\count270
\maxfields@=\count271
\andhelp@=\toks20
\eqnshift@=\dimen141
\alignsep@=\dimen142
\tagshift@=\dimen143
\tagwidth@=\dimen144
\totwidth@=\dimen145
\lineht@=\dimen146
\@envbody=\toks21
\multlinegap=\skip64
\multlinetaggap=\skip65
\mathdisplay@stack=\toks22
LaTeX Info: Redefining \[ on input line 2938.
LaTeX Info: Redefining \] on input line 2939.
)
("C:/Users/Sebas/AppData/Local/Programs/MiKTeX 2.9/tex/latex/amsfonts/amssymb.s
ty"
Package: amssymb 2013/01/14 v3.01 AMS font symbols

("C:/Users/Sebas/AppData/Local/Programs/MiKTeX 2.9/tex/latex/amsfonts/amsfonts.
sty"
Package: amsfonts 2013/01/14 v3.01 Basic AMSFonts support
\symAMSa=\mathgroup4
\symAMSb=\mathgroup5
LaTeX Font Info:    Redeclaring math symbol \hbar on input line 98.
LaTeX Font Info:    Overwriting math alphabet `\mathfrak' in version `bold'
(Font)                  U/euf/m/n --> U/euf/b/n on input line 106.
))
("C:/Users/Sebas/AppData/Local/Programs/MiKTeX 2.9/tex/latex/mathtools/mathtool
s.sty"
Package: mathtools 2022/02/07 v1.28a mathematical typesetting tools

("C:/Users/Sebas/AppData/Local/Programs/MiKTeX 2.9/tex/latex/tools/calc.sty"
Package: calc 2017/05/25 v4.3 Infix arithmetic (KKT,FJ)
\calc@Acount=\count272
\calc@Bcount=\count273
\calc@Adimen=\dimen147
\calc@Bdimen=\dimen148
\calc@Askip=\skip66
\calc@Bskip=\skip67
LaTeX Info: Redefining \setlength on input line 80.
LaTeX Info: Redefining \addtolength on input line 81.
\calc@Ccount=\count274
\calc@Cskip=\skip68
)
("C:/Users/Sebas/AppData/Local/Programs/MiKTeX 2.9/tex/latex/mathtools/mhsetup.
sty"
Package: mhsetup 2021/03/18 v1.4 programming setup (MH)
)
\g_MT_multlinerow_int=\count275
\l_MT_multwidth_dim=\dimen149
\origjot=\skip69
\l_MT_shortvdotswithinadjustabove_dim=\dimen150
\l_MT_shortvdotswithinadjustbelow_dim=\dimen151
\l_MT_above_intertext_sep=\dimen152
\l_MT_below_intertext_sep=\dimen153
\l_MT_above_shortintertext_sep=\dimen154
\l_MT_below_shortintertext_sep=\dimen155
\xmathstrut@box=\box55
\xmathstrut@dim=\dimen156
)
("C:/Users/Sebas/AppData/Local/Programs/MiKTeX 2.9/tex/latex/fontspec/fontspec.
sty"
Package: fontspec 2022/01/15 v2.8a Font selection for XeLaTeX and LuaLaTeX
Lua module: fontspec 2022/01/15 2.8a Font selection for XeLaTeX and LuaLaTeX
("C:/Users/Sebas/AppData/Local/Programs/MiKTeX 2.9/tex/latex/fontspec/fontspec-
luatex.sty"
Package: fontspec-luatex 2022/01/15 v2.8a Font selection for XeLaTeX and LuaLaT
eX
\l__fontspec_script_int=\count276
\l__fontspec_language_int=\count277
\l__fontspec_strnum_int=\count278
\l__fontspec_tmp_int=\count279
\l__fontspec_tmpa_int=\count280
\l__fontspec_tmpb_int=\count281
\l__fontspec_tmpc_int=\count282
\l__fontspec_em_int=\count283
\l__fontspec_emdef_int=\count284
\l__fontspec_strong_int=\count285
\l__fontspec_strongdef_int=\count286
\l__fontspec_tmpa_dim=\dimen157
\l__fontspec_tmpb_dim=\dimen158
\l__fontspec_tmpc_dim=\dimen159

("C:/Users/Sebas/AppData/Local/Programs/MiKTeX 2.9/tex/latex/base/fontenc.sty"
Package: fontenc 2021/04/29 v2.0v Standard LaTeX package
)
("C:/Users/Sebas/AppData/Local/Programs/MiKTeX 2.9/tex/latex/fontspec/fontspec.
cfg")))
Package typearea Info: These are the values describing the layout:
(typearea)             DIV  = 10
(typearea)             BCOR = 0.0pt
(typearea)             \paperwidth      = 597.50793pt
(typearea)              \textwidth      = 418.25555pt
(typearea)              DIV departure   = -6%
(typearea)              \evensidemargin = 17.3562pt
(typearea)              \oddsidemargin  = 17.3562pt
(typearea)             \paperheight     = 845.04694pt
(typearea)              \textheight     = 595.80026pt
(typearea)              \topmargin      = -25.16531pt
(typearea)              \headheight     = 17.0pt
(typearea)              \headsep        = 20.40001pt
(typearea)              \topskip        = 11.0pt
(typearea)              \footskip       = 47.6pt
(typearea)              \baselineskip   = 13.6pt
(typearea)              on input line 30.

("C:/Users/Sebas/AppData/Local/Programs/MiKTeX 2.9/tex/generic/babel/babel.sty"
Package: babel 2022/04/30 3.74 The Babel package

("C:/Users/Sebas/AppData/Local/Programs/MiKTeX 2.9/tex/generic/babel/luababel.d
ef"
\bbl@readstream=\read2
\l@afrikaans=\language2
Package babel Info: Non-standard hyphenation setup on input line 118.
\l@ancientgreek=\language3
\l@armenian=\language4
\l@assamese=\language5
\l@basque=\language6
\l@belarusian=\language7
\l@bengali=\language8
\l@bokmal=\language9
\l@bulgarian=\language10
\l@catalan=\language11
\l@churchslavonic=\language12
\l@classiclatin=\language13
\l@coptic=\language14
\l@croatian=\language15
\l@czech=\language16
\l@danish=\language17
\l@dutch=\language18
\l@esperanto=\language19
\l@estonian=\language20
\l@ethiopic=\language21
\l@finnish=\language22
\l@french=\language23
\l@friulan=\language24
\l@galician=\language25
\l@georgian=\language26
\l@german=\language27
\l@greek=\language28
\l@gujarati=\language29
\l@hindi=\language30
\l@hungarian=\language31
\l@icelandic=\language32
\l@indonesian=\language33
\l@interlingua=\language34
\l@irish=\language35
\l@italian=\language36
\l@kannada=\language37
\l@kurmanji=\language38
\l@latin=\language39
\l@latvian=\language40
\l@lithuanian=\language41
\l@liturgicallatin=\language42
\l@macedonian=\language43
\l@malayalam=\language44
\l@marathi=\language45
\l@mongolian=\language46
\l@mongolianlmc=\language47
\l@monogreek=\language48
\l@ngerman=\language49
\l@nynorsk=\language50
\l@occitan=\language51
\l@oriya=\language52
\l@pali=\language53
\l@panjabi=\language54
\l@piedmontese=\language55
\l@polish=\language56
\l@portuguese=\language57
\l@romanian=\language58
\l@romansh=\language59
\l@russian=\language60
\l@sanskrit=\language61
\l@serbian=\language62
\l@serbianc=\language63
\l@slovak=\language64
\l@slovenian=\language65
\l@spanish=\language66
\l@swedish=\language67
\l@swissgerman=\language68
\l@tamil=\language69
\l@telugu=\language70
\l@thai=\language71
\l@turkish=\language72
\l@turkmen=\language73
\l@ukenglish=\language74
\l@ukrainian=\language75
\l@uppersorbian=\language76
\l@usenglishmax=\language77
\l@welsh=\language78
\babelcatcodetablenum=\catcodetable12
\bbl@pattcodes=\catcodetable13
)
\babel@savecnt=\count287
\U@D=\dimen160
\l@unhyphenated=\language79

("C:/Users/Sebas/AppData/Local/Programs/MiKTeX 2.9/tex/generic/babel/luababel.d
ef"
\bbl@attr@locale=\attribute4
)
*************************************
* Local config file bblopts.cfg used
*
("C:/Users/Sebas/AppData/Local/Programs/MiKTeX 2.9/tex/latex/arabi/bblopts.cfg"
File: bblopts.cfg 2005/09/08 v0.1 add Arabic and Farsi to "declared" options of
 babel
)
("C:/Users/Sebas/AppData/Local/Programs/MiKTeX 2.9/tex/latex/babel-german/ngerm
an.ldf"
Language: ngerman 2021/02/27 v2.13 German support for babel (post-1996 orthogra
phy)

("C:/Users/Sebas/AppData/Local/Programs/MiKTeX 2.9/tex/latex/babel-german/ngerm
anb.ldf"
Language: ngermanb 2021/02/27 v2.13 German support for babel (post-1996 orthogr
aphy)
Package babel Info: Making " an active character on input line 122.

("C:/Users/Sebas/AppData/Local/Programs/MiKTeX 2.9/tex/generic/hyph-utf8/loadhy
ph/loadhyph-de-1996.tex"
UTF-8 German hyphenation patterns (reformed orthography)
("C:/Users/Sebas/AppData/Local/Programs/MiKTeX 2.9/tex/generic/hyph-utf8/patter
ns/tex/hyph-de-1996.tex"
German Hyphenation Patterns (Reformed Orthography, 2006) `dehyphn-x' 2021-02-26
 (WL))))))
("C:/Users/Sebas/AppData/Local/Programs/MiKTeX 2.9/tex/latex/unicode-math/unico
de-math.sty"
Package: unicode-math 2020/01/31 v0.8q Unicode maths in XeLaTeX and LuaLaTeX

("C:/Users/Sebas/AppData/Local/Programs/MiKTeX 2.9/tex/latex/unicode-math/unico
de-math-luatex.sty"
Package: unicode-math-luatex 2020/01/31 v0.8q Unicode maths in XeLaTeX and LuaL
aTeX

("C:/Users/Sebas/AppData/Local/Programs/MiKTeX 2.9/tex/latex/l3packages/l3keys2
e/l3keys2e.sty"
Package: l3keys2e 2022-01-12 LaTeX2e option processing using LaTeX3 keys
)
("C:/Users/Sebas/AppData/Local/Programs/MiKTeX 2.9/tex/latex/base/fix-cm.sty"
Package: fix-cm 2020/11/24 v1.1t fixes to LaTeX

("C:/Users/Sebas/AppData/Local/Programs/MiKTeX 2.9/tex/latex/base/ts1enc.def"
File: ts1enc.def 2001/06/05 v3.0e (jk/car/fm) Standard LaTeX file
LaTeX Font Info:    Redeclaring font encoding TS1 on input line 47.
))
("C:/Users/Sebas/AppData/Local/Programs/MiKTeX 2.9/tex/lualatex/lualatex-math/l
ualatex-math.sty"
Package: lualatex-math 2022/01/01 v1.12 Patches for mathematics typesetting wit
h LuaLaTeX
Lua module: lualatex-math 2013/08/03 1.3 Patches for mathematics typesetting wit
h LuaLaTeX)
\g__um_fam_int=\count288
\g__um_fonts_used_int=\count289
\l__um_primecount_int=\count290
\g__um_primekern_muskip=\muskip17

("C:/Users/Sebas/AppData/Local/Programs/MiKTeX 2.9/tex/latex/unicode-math/unico
de-math-table.tex")))
luaotfload | cache : Lookup cache loaded from C:/Users/Sebas/AppData/Local/MiKTe
X/2.9/luatex-cache/generic/names/luaotfload-lookup-cache.luc.

Package fontspec Info: Could not resolve font "LatinModernMath/B" (it probably
(fontspec)             doesn't exist).


Package fontspec Info: Font family 'LatinModernMath(0)' created for font
(fontspec)             'Latin Modern Math' with options
(fontspec)             [Renderer=Basic,BoldItalicFont={},ItalicFont={},SmallCap
sFont={},Script=Math,FontAdjustment={\__um_luatex_copy_fontdimens:
(fontspec)             }].
(fontspec)              
(fontspec)              This font family consists of the following NFSS
(fontspec)             series/shapes:
(fontspec)              
(fontspec)             - 'normal' (m/n) with NFSS spec.:
(fontspec)             <->"LatinModernMath:mode=base;script=math;language=dflt;
"
(fontspec)             - 'small caps'  (m/sc) with NFSS spec.: 
(fontspec)             and font adjustment code:
(fontspec)             \__um_luatex_copy_fontdimens: 


Package fontspec Info: Could not resolve font "LatinModernMath/B" (it probably
(fontspec)             doesn't exist).


Package fontspec Info: Font family 'LatinModernMath(1)' created for font
(fontspec)             'Latin Modern Math' with options
(fontspec)             [Renderer=Basic,BoldItalicFont={},ItalicFont={},SmallCap
sFont={},Script=Math,SizeFeatures={{Size=9.3075-},{Size=6.57-9.3075,Font=Latin
(fontspec)             Modern Math,Style=MathScript},{Size=-6.57,Font=Latin
(fontspec)             Modern
(fontspec)             Math,Style=MathScriptScript}},FontAdjustment={\__um_luat
ex_copy_fontdimens:
(fontspec)             }].
(fontspec)              
(fontspec)              This font family consists of the following NFSS
(fontspec)             series/shapes:
(fontspec)              
(fontspec)             - 'normal' (m/n) with NFSS spec.:
(fontspec)             <9.3075->"LatinModernMath:mode=base;script=math;language
=dflt;"<6.57-9.3075>"LatinModernMath:mode=base;script=math;language=dflt;+ssty=
0;"<-6.57>"LatinModernMath:mode=base;script=math;language=dflt;+ssty=1;"
(fontspec)             - 'small caps'  (m/sc) with NFSS spec.: 
(fontspec)             and font adjustment code:
(fontspec)             \__um_luatex_copy_fontdimens: 

LaTeX Font Info:    Encoding `OT1' has changed to `TU' for symbol font
(Font)              `operators' in the math version `normal' on input line 52.
LaTeX Font Info:    Overwriting symbol font `operators' in version `normal'
(Font)                  OT1/cmr/m/n --> TU/LatinModernMath(1)/m/n on input line
 52.
LaTeX Font Info:    Encoding `OT1' has changed to `TU' for symbol font
(Font)              `operators' in the math version `bold' on input line 52.
LaTeX Font Info:    Overwriting symbol font `operators' in version `bold'
(Font)                  OT1/cmr/bx/n --> TU/LatinModernMath(1)/b/n on input lin
e 52.

Package fontspec Info: LatinModernMath scale = 1.0001.


Package fontspec Info: Could not resolve font "LatinModernMath/B" (it probably
(fontspec)             doesn't exist).


Package fontspec Info: LatinModernMath scale = 1.0001.


Package fontspec Info: LatinModernMath scale = 1.0001.


Package fontspec Info: LatinModernMath scale = 1.0001.


Package fontspec Info: Font family 'LatinModernMath(2)' created for font
(fontspec)             'Latin Modern Math' with options
(fontspec)             [Renderer=Basic,BoldItalicFont={},ItalicFont={},SmallCap
sFont={},Script=Math,SizeFeatures={{Size=9.3075-},{Size=6.57-9.3075,Font=Latin
(fontspec)             Modern Math,Style=MathScript},{Size=-6.57,Font=Latin
(fontspec)             Modern
(fontspec)             Math,Style=MathScriptScript}},FontAdjustment={\__um_luat
ex_copy_fontdimens:
(fontspec)             },ScaleAgain=1.0001,FontAdjustment={\fontdimen 8\font
(fontspec)             =7.41315pt\relax \fontdimen 9\font =4.31429pt\relax
(fontspec)             \fontdimen 10\font =4.86179pt\relax \fontdimen 11\font
(fontspec)             =7.51169pt\relax \fontdimen 12\font =3.77774pt\relax
(fontspec)             \fontdimen 13\font =3.97484pt\relax \fontdimen 14\font
(fontspec)             =3.97484pt\relax \fontdimen 15\font =3.16454pt\relax
(fontspec)             \fontdimen 16\font =2.70464pt\relax \fontdimen 17\font
(fontspec)             =2.70464pt\relax \fontdimen 18\font =2.73749pt\relax
(fontspec)             \fontdimen 19\font =2.18999pt\relax \fontdimen 22\font
(fontspec)             =2.73749pt\relax \fontdimen 20\font =0pt\relax
(fontspec)             \fontdimen 21\font =0pt\relax }].
(fontspec)              
(fontspec)              This font family consists of the following NFSS
(fontspec)             series/shapes:
(fontspec)              
(fontspec)             - 'normal' (m/n) with NFSS spec.:
(fontspec)             <9.3075->s*[1.0001]"LatinModernMath:mode=base;script=mat
h;language=dflt;"<6.57-9.3075>s*[1.0001]"LatinModernMath:mode=base;script=math;
language=dflt;+ssty=0;"<-6.57>s*[1.0001]"LatinModernMath:mode=base;script=math;
language=dflt;+ssty=1;"
(fontspec)             - 'small caps'  (m/sc) with NFSS spec.: 
(fontspec)             and font adjustment code:
(fontspec)             \__um_luatex_copy_fontdimens: \fontdimen 8\font
(fontspec)             =7.41315pt\relax \fontdimen 9\font =4.31429pt\relax
(fontspec)             \fontdimen 10\font =4.86179pt\relax \fontdimen 11\font
(fontspec)             =7.51169pt\relax \fontdimen 12\font =3.77774pt\relax
(fontspec)             \fontdimen 13\font =3.97484pt\relax \fontdimen 14\font
(fontspec)             =3.97484pt\relax \fontdimen 15\font =3.16454pt\relax
(fontspec)             \fontdimen 16\font =2.70464pt\relax \fontdimen 17\font
(fontspec)             =2.70464pt\relax \fontdimen 18\font =2.73749pt\relax
(fontspec)             \fontdimen 19\font =2.18999pt\relax \fontdimen 22\font
(fontspec)             =2.73749pt\relax \fontdimen 20\font =0pt\relax
(fontspec)             \fontdimen 21\font =0pt\relax 

LaTeX Font Info:    Encoding `OMS' has changed to `TU' for symbol font
(Font)              `symbols' in the math version `normal' on input line 52.
LaTeX Font Info:    Overwriting symbol font `symbols' in version `normal'
(Font)                  OMS/cmsy/m/n --> TU/LatinModernMath(2)/m/n on input lin
e 52.
LaTeX Font Info:    Encoding `OMS' has changed to `TU' for symbol font
(Font)              `symbols' in the math version `bold' on input line 52.
LaTeX Font Info:    Overwriting symbol font `symbols' in version `bold'
(Font)                  OMS/cmsy/b/n --> TU/LatinModernMath(2)/b/n on input lin
e 52.

Package fontspec Info: LatinModernMath scale = 0.9999.


Package fontspec Info: Could not resolve font "LatinModernMath/B" (it probably
(fontspec)             doesn't exist).


Package fontspec Info: LatinModernMath scale = 0.9999.


Package fontspec Info: LatinModernMath scale = 0.9999.


Package fontspec Info: LatinModernMath scale = 0.9999.


Package fontspec Info: Font family 'LatinModernMath(3)' created for font
(fontspec)             'Latin Modern Math' with options
(fontspec)             [Renderer=Basic,BoldItalicFont={},ItalicFont={},SmallCap
sFont={},Script=Math,SizeFeatures={{Size=9.3075-},{Size=6.57-9.3075,Font=Latin
(fontspec)             Modern Math,Style=MathScript},{Size=-6.57,Font=Latin
(fontspec)             Modern
(fontspec)             Math,Style=MathScriptScript}},FontAdjustment={\__um_luat
ex_copy_fontdimens:
(fontspec)             },ScaleAgain=0.9999,FontAdjustment={\fontdimen 8\font
(fontspec)             =0.43799pt\relax \fontdimen 9\font =2.18999pt\relax
(fontspec)             \fontdimen 10\font =1.82864pt\relax \fontdimen 11\font
(fontspec)             =1.21544pt\relax \fontdimen 12\font =6.56999pt\relax
(fontspec)             \fontdimen 13\font =0pt\relax }].
(fontspec)              
(fontspec)              This font family consists of the following NFSS
(fontspec)             series/shapes:
(fontspec)              
(fontspec)             - 'normal' (m/n) with NFSS spec.:
(fontspec)             <9.3075->s*[0.9999]"LatinModernMath:mode=base;script=mat
h;language=dflt;"<6.57-9.3075>s*[0.9999]"LatinModernMath:mode=base;script=math;
language=dflt;+ssty=0;"<-6.57>s*[0.9999]"LatinModernMath:mode=base;script=math;
language=dflt;+ssty=1;"
(fontspec)             - 'small caps'  (m/sc) with NFSS spec.: 
(fontspec)             and font adjustment code:
(fontspec)             \__um_luatex_copy_fontdimens: \fontdimen 8\font
(fontspec)             =0.43799pt\relax \fontdimen 9\font =2.18999pt\relax
(fontspec)             \fontdimen 10\font =1.82864pt\relax \fontdimen 11\font
(fontspec)             =1.21544pt\relax \fontdimen 12\font =6.56999pt\relax
(fontspec)             \fontdimen 13\font =0pt\relax 

LaTeX Font Info:    Encoding `OMX' has changed to `TU' for symbol font
(Font)              `largesymbols' in the math version `normal' on input line 5
2.
LaTeX Font Info:    Overwriting symbol font `largesymbols' in version `normal'
(Font)                  OMX/cmex/m/n --> TU/LatinModernMath(3)/m/n on input lin
e 52.
LaTeX Font Info:    Encoding `OMX' has changed to `TU' for symbol font
(Font)              `largesymbols' in the math version `bold' on input line 52.

LaTeX Font Info:    Overwriting symbol font `largesymbols' in version `bold'
(Font)                  OMX/cmex/m/n --> TU/LatinModernMath(3)/b/n on input lin
e 52.
LaTeX Font Info:    Font shape `TU/LatinModernMath(2)/m/n' will be
(Font)              scaled to size 10.95116pt on input line 52.
LaTeX Font Info:    Font shape `TU/LatinModernMath(2)/m/n' will be
(Font)              scaled to size 7.6658pt on input line 52.
LaTeX Font Info:    Font shape `TU/LatinModernMath(2)/m/n' will be
(Font)              scaled to size 5.47559pt on input line 52.
LaTeX Font Info:    Font shape `TU/LatinModernMath(3)/m/n' will be
(Font)              scaled to size 10.94882pt on input line 52.
LaTeX Font Info:    Font shape `TU/LatinModernMath(3)/m/n' will be
(Font)              scaled to size 7.66417pt on input line 52.
LaTeX Font Info:    Font shape `TU/LatinModernMath(3)/m/n' will be
(Font)              scaled to size 5.47441pt on input line 52.
LaTeX Font Info:    Trying to load font information for U+msa on input line 52.


("C:/Users/Sebas/AppData/Local/Programs/MiKTeX 2.9/tex/latex/amsfonts/umsa.fd"
File: umsa.fd 2013/01/14 v3.01 AMS symbols A
)
LaTeX Font Info:    Trying to load font information for U+msb on input line 52.

("C:/Users/Sebas/AppData/Local/Programs/MiKTeX 2.9/tex/latex/amsfonts/umsb.fd"
File: umsb.fd 2013/01/14 v3.01 AMS symbols B
)
luaotfload | db : Reload initiated (formats: otf,ttf,ttc); reason: Font "XITSMat
h" not found.
luaotfload | resolve : sequence of 3 lookups yielded nothing appropriate.

./header.tex:53: Package fontspec Error: The font "XITSMath" cannot be found.

For immediate help type H <return>.
 ...                                              
                                                  
l.53 \setmathfont{XITS Math}[range={scr, bfscr}]
                                              

A font might not be found for many reasons.
 Check the spelling, where the font is installed etc. etc.

 When in doubt, ask someone for help!


luaotfload | resolve : sequence of 3 lookups yielded nothing appropriate.
luaotfload | aux : no font with id 0

Package fontspec Warning: Font "XITSMath" does not contain requested Script
(fontspec)                "Math".

luaotfload | aux : no font with id 0
luaotfload | aux : no font with id 0
luaotfload | resolve : sequence of 3 lookups yielded nothing appropriate.
luaotfload | resolve : sequence of 3 lookups yielded nothing appropriate.

Package fontspec Info: Could not resolve font "XITSMath/B" (it probably
(fontspec)             doesn't exist).

luaotfload | resolve : sequence of 3 lookups yielded nothing appropriate.

./header.tex:53: Package fontspec Error: The font "XITSMath" cannot be found.

For immediate help type H <return>.
 ...                                              
                                                  
l.53 \setmathfont{XITS Math}[range={scr, bfscr}]
                                              

A font might not be found for many reasons.
 Check the spelling, where the font is installed etc. etc.

 When in doubt, ask someone for help!


luaotfload | resolve : sequence of 3 lookups yielded nothing appropriate.

./header.tex:53: Package fontspec Error: The font "XITSMath" cannot be found.

For immediate help type H <return>.
 ...                                              
                                                  
l.53 \setmathfont{XITS Math}[range={scr, bfscr}]
                                              

A font might not be found for many reasons.
 Check the spelling, where the font is installed etc. etc.

 When in doubt, ask someone for help!


luaotfload | resolve : sequence of 3 lookups yielded nothing appropriate.

./header.tex:53: Package fontspec Error: The font "XITSMath" cannot be found.

For immediate help type H <return>.
 ...                                              
                                                  
l.53 \setmathfont{XITS Math}[range={scr, bfscr}]
                                              

A font might not be found for many reasons.
 Check the spelling, where the font is installed etc. etc.

 When in doubt, ask someone for help!



Package fontspec Warning: OpenType feature 'Style=MathScript' (ssty) not
(fontspec)                available for font 'XITSMath' with script '' and
(fontspec)                language 'Default'.

luaotfload | resolve : sequence of 3 lookups yielded nothing appropriate.

./header.tex:53: Package fontspec Error: The font "XITSMath" cannot be found.

For immediate help type H <return>.
 ...                                              
                                                  
l.53 \setmathfont{XITS Math}[range={scr, bfscr}]
                                              

A font might not be found for many reasons.
 Check the spelling, where the font is installed etc. etc.

 When in doubt, ask someone for help!



Package fontspec Warning: OpenType feature 'Style=MathScriptScript' (ssty) not
(fontspec)                available for font 'XITSMath' with script '' and
(fontspec)                language 'Default'.


Package fontspec Info: Font family 'XITSMath(0)' created for font 'XITS Math'
(fontspec)             with options
(fontspec)             [Renderer=Basic,BoldItalicFont={},ItalicFont={},SmallCap
sFont={},Script=Math,SizeFeatures={{Size=9.3075-},{Size=6.57-9.3075,Font=XITS
(fontspec)             Math,Style=MathScript},{Size=-6.57,Font=XITS
(fontspec)             Math,Style=MathScriptScript}},FontAdjustment={\__um_luat
ex_copy_fontdimens:
(fontspec)             }].
(fontspec)              
(fontspec)              This font family consists of the following NFSS
(fontspec)             series/shapes:
(fontspec)              
(fontspec)             - 'normal' (m/n) with NFSS spec.:
(fontspec)             <9.3075->"XITSMath:mode=base;language=dflt;"<6.57-9.3075
>"XITSMath:mode=base;language=dflt;"<-6.57>"XITSMath:mode=base;language=dflt;"
(fontspec)             - 'small caps'  (m/sc) with NFSS spec.: 
(fontspec)             and font adjustment code:
(fontspec)             \__um_luatex_copy_fontdimens: 

luaotfload | resolve : sequence of 3 lookups yielded nothing appropriate.
./header.tex:53: Font \TU/XITSMath(0)/m/n/10.95=XITSMath:mode=base;language=dflt
; at 10.95pt not loadable: metric data not found or bad.
<to be read again> 
relax 
l.53 \setmathfont{XITS Math}[range={scr, bfscr}]
                                              
I wasn't able to read the size data for this font,
so I will ignore the font specification.
[Wizards can fix TFM files using TFtoPL/PLtoTF.]
You might try inserting a different font spec;
e.g., type `I\font<same font id>=<substitute font name>'.

...iKTeX 2.9/tex/luatex/luaotfload/luaotfload-auxiliary.lua:697: attempt to inde
x a nil value (local 'fontdata')
stack traceback:
	...iKTeX 2.9/tex/luatex/luaotfload/luaotfload-auxiliary.lua:697: in field 'get_
math_dimension'
	...ocal/Programs/MiKTeX 2.9/tex/latex/fontspec/fontspec.lua:75: in field 'mathf
ontdimen'
	[\directlua]:1: in main chunk.
lua_now:e #1->__lua_now:n {#1}
                              
l.53 \setmathfont{XITS Math}[range={scr, bfscr}]
                                              
The lua interpreter ran into a problem, so the
remainder of this lua chunk will be ignored.

./header.tex:53: Missing number, treated as zero.
<to be read again> 
scan_stop: 
l.53 \setmathfont{XITS Math}[range={scr, bfscr}]
                                              
A number should have been here; I inserted `0'.
(If you can't figure out why I needed to see a number,
look up `weird error' in the index to The TeXbook.)

./header.tex:53: Illegal unit of measure (pt inserted).
<to be read again> 
scan_stop: 
l.53 \setmathfont{XITS Math}[range={scr, bfscr}]
                                              
Dimensions can be in units of em, ex, in, pt, pc,
cm, mm, dd, cc, nd, nc, bp, or sp; but yours is a new one!
I'll assume that you meant to say pt, for printer's points.
To recover gracefully from this error, it's best to
delete the erroneous units; e.g., type `2' to delete
two letters. (See Chapter 27 of The TeXbook.)

...iKTeX 2.9/tex/luatex/luaotfload/luaotfload-auxiliary.lua:697: attempt to inde
x a nil value (local 'fontdata')
stack traceback:
	...iKTeX 2.9/tex/luatex/luaotfload/luaotfload-auxiliary.lua:697: in field 'get_
math_dimension'
	...ocal/Programs/MiKTeX 2.9/tex/latex/fontspec/fontspec.lua:75: in field 'mathf
ontdimen'
	[\directlua]:1: in main chunk.
lua_now:e #1->__lua_now:n {#1}
                              
l.53 \setmathfont{XITS Math}[range={scr, bfscr}]
                                              
The lua interpreter ran into a problem, so the
remainder of this lua chunk will be ignored.

./header.tex:53: Missing number, treated as zero.
<to be read again> 
scan_stop: 
l.53 \setmathfont{XITS Math}[range={scr, bfscr}]
                                              
A number should have been here; I inserted `0'.
(If you can't figure out why I needed to see a number,
look up `weird error' in the index to The TeXbook.)

./header.tex:53: Illegal unit of measure (pt inserted).
<to be read again> 
scan_stop: 
l.53 \setmathfont{XITS Math}[range={scr, bfscr}]
                                              
Dimensions can be in units of em, ex, in, pt, pc,
cm, mm, dd, cc, nd, nc, bp, or sp; but yours is a new one!
I'll assume that you meant to say pt, for printer's points.
To recover gracefully from this error, it's best to
delete the erroneous units; e.g., type `2' to delete
two letters. (See Chapter 27 of The TeXbook.)

...iKTeX 2.9/tex/luatex/luaotfload/luaotfload-auxiliary.lua:697: attempt to inde
x a nil value (local 'fontdata')
stack traceback:
	...iKTeX 2.9/tex/luatex/luaotfload/luaotfload-auxiliary.lua:697: in field 'get_
math_dimension'
	...ocal/Programs/MiKTeX 2.9/tex/latex/fontspec/fontspec.lua:75: in field 'mathf
ontdimen'
	[\directlua]:1: in main chunk.
lua_now:e #1->__lua_now:n {#1}
                              
l.53 \setmathfont{XITS Math}[range={scr, bfscr}]
                                              
The lua interpreter ran into a problem, so the
remainder of this lua chunk will be ignored.

./header.tex:53: Missing number, treated as zero.
<to be read again> 
scan_stop: 
l.53 \setmathfont{XITS Math}[range={scr, bfscr}]
                                              
A number should have been here; I inserted `0'.
(If you can't figure out why I needed to see a number,
look up `weird error' in the index to The TeXbook.)

./header.tex:53: Illegal unit of measure (pt inserted).
<to be read again> 
scan_stop: 
l.53 \setmathfont{XITS Math}[range={scr, bfscr}]
                                              
Dimensions can be in units of em, ex, in, pt, pc,
cm, mm, dd, cc, nd, nc, bp, or sp; but yours is a new one!
I'll assume that you meant to say pt, for printer's points.
To recover gracefully from this error, it's best to
delete the erroneous units; e.g., type `2' to delete
two letters. (See Chapter 27 of The TeXbook.)

...iKTeX 2.9/tex/luatex/luaotfload/luaotfload-auxiliary.lua:697: attempt to inde
x a nil value (local 'fontdata')
stack traceback:
	...iKTeX 2.9/tex/luatex/luaotfload/luaotfload-auxiliary.lua:697: in field 'get_
math_dimension'
	...ocal/Programs/MiKTeX 2.9/tex/latex/fontspec/fontspec.lua:75: in field 'mathf
ontdimen'
	[\directlua]:1: in main chunk.
lua_now:e #1->__lua_now:n {#1}
                              
l.53 \setmathfont{XITS Math}[range={scr, bfscr}]
                                              
The lua interpreter ran into a problem, so the
remainder of this lua chunk will be ignored.

./header.tex:53: Missing number, treated as zero.
<to be read again> 
scan_stop: 
l.53 \setmathfont{XITS Math}[range={scr, bfscr}]
                                              
A number should have been here; I inserted `0'.
(If you can't figure out why I needed to see a number,
look up `weird error' in the index to The TeXbook.)

./header.tex:53: Illegal unit of measure (pt inserted).
<to be read again> 
scan_stop: 
l.53 \setmathfont{XITS Math}[range={scr, bfscr}]
                                              
Dimensions can be in units of em, ex, in, pt, pc,
cm, mm, dd, cc, nd, nc, bp, or sp; but yours is a new one!
I'll assume that you meant to say pt, for printer's points.
To recover gracefully from this error, it's best to
delete the erroneous units; e.g., type `2' to delete
two letters. (See Chapter 27 of The TeXbook.)

...iKTeX 2.9/tex/luatex/luaotfload/luaotfload-auxiliary.lua:697: attempt to inde
x a nil value (local 'fontdata')
stack traceback:
	...iKTeX 2.9/tex/luatex/luaotfload/luaotfload-auxiliary.lua:697: in field 'get_
math_dimension'
	...ocal/Programs/MiKTeX 2.9/tex/latex/fontspec/fontspec.lua:75: in field 'mathf
ontdimen'
	[\directlua]:1: in main chunk.
lua_now:e #1->__lua_now:n {#1}
                              
l.53 \setmathfont{XITS Math}[range={scr, bfscr}]
                                              
The lua interpreter ran into a problem, so the
remainder of this lua chunk will be ignored.

./header.tex:53: Missing number, treated as zero.
<to be read again> 
scan_stop: 
l.53 \setmathfont{XITS Math}[range={scr, bfscr}]
                                              
A number should have been here; I inserted `0'.
(If you can't figure out why I needed to see a number,
look up `weird error' in the index to The TeXbook.)

./header.tex:53: Illegal unit of measure (pt inserted).
<to be read again> 
scan_stop: 
l.53 \setmathfont{XITS Math}[range={scr, bfscr}]
                                              
Dimensions can be in units of em, ex, in, pt, pc,
cm, mm, dd, cc, nd, nc, bp, or sp; but yours is a new one!
I'll assume that you meant to say pt, for printer's points.
To recover gracefully from this error, it's best to
delete the erroneous units; e.g., type `2' to delete
two letters. (See Chapter 27 of The TeXbook.)

...iKTeX 2.9/tex/luatex/luaotfload/luaotfload-auxiliary.lua:697: attempt to inde
x a nil value (local 'fontdata')
stack traceback:
	...iKTeX 2.9/tex/luatex/luaotfload/luaotfload-auxiliary.lua:697: in field 'get_
math_dimension'
	...ocal/Programs/MiKTeX 2.9/tex/latex/fontspec/fontspec.lua:75: in field 'mathf
ontdimen'
	[\directlua]:1: in main chunk.
lua_now:e #1->__lua_now:n {#1}
                              
l.53 \setmathfont{XITS Math}[range={scr, bfscr}]
                                              
The lua interpreter ran into a problem, so the
remainder of this lua chunk will be ignored.

./header.tex:53: Missing number, treated as zero.
<to be read again> 
scan_stop: 
l.53 \setmathfont{XITS Math}[range={scr, bfscr}]
                                              
A number should have been here; I inserted `0'.
(If you can't figure out why I needed to see a number,
look up `weird error' in the index to The TeXbook.)

./header.tex:53: Illegal unit of measure (pt inserted).
<to be read again> 
scan_stop: 
l.53 \setmathfont{XITS Math}[range={scr, bfscr}]
                                              
Dimensions can be in units of em, ex, in, pt, pc,
cm, mm, dd, cc, nd, nc, bp, or sp; but yours is a new one!
I'll assume that you meant to say pt, for printer's points.
To recover gracefully from this error, it's best to
delete the erroneous units; e.g., type `2' to delete
two letters. (See Chapter 27 of The TeXbook.)

...iKTeX 2.9/tex/luatex/luaotfload/luaotfload-auxiliary.lua:697: attempt to inde
x a nil value (local 'fontdata')
stack traceback:
	...iKTeX 2.9/tex/luatex/luaotfload/luaotfload-auxiliary.lua:697: in field 'get_
math_dimension'
	...ocal/Programs/MiKTeX 2.9/tex/latex/fontspec/fontspec.lua:75: in field 'mathf
ontdimen'
	[\directlua]:1: in main chunk.
lua_now:e #1->__lua_now:n {#1}
                              
l.53 \setmathfont{XITS Math}[range={scr, bfscr}]
                                              
The lua interpreter ran into a problem, so the
remainder of this lua chunk will be ignored.

./header.tex:53: Missing number, treated as zero.
<to be read again> 
scan_stop: 
l.53 \setmathfont{XITS Math}[range={scr, bfscr}]
                                              
A number should have been here; I inserted `0'.
(If you can't figure out why I needed to see a number,
look up `weird error' in the index to The TeXbook.)

./header.tex:53: Illegal unit of measure (pt inserted).
<to be read again> 
scan_stop: 
l.53 \setmathfont{XITS Math}[range={scr, bfscr}]
                                              
Dimensions can be in units of em, ex, in, pt, pc,
cm, mm, dd, cc, nd, nc, bp, or sp; but yours is a new one!
I'll assume that you meant to say pt, for printer's points.
To recover gracefully from this error, it's best to
delete the erroneous units; e.g., type `2' to delete
two letters. (See Chapter 27 of The TeXbook.)

...iKTeX 2.9/tex/luatex/luaotfload/luaotfload-auxiliary.lua:697: attempt to inde
x a nil value (local 'fontdata')
stack traceback:
	...iKTeX 2.9/tex/luatex/luaotfload/luaotfload-auxiliary.lua:697: in field 'get_
math_dimension'
	...ocal/Programs/MiKTeX 2.9/tex/latex/fontspec/fontspec.lua:75: in field 'mathf
ontdimen'
	[\directlua]:1: in main chunk.
lua_now:e #1->__lua_now:n {#1}
                              
l.53 \setmathfont{XITS Math}[range={scr, bfscr}]
                                              
The lua interpreter ran into a problem, so the
remainder of this lua chunk will be ignored.

./header.tex:53: Missing number, treated as zero.
<to be read again> 
scan_stop: 
l.53 \setmathfont{XITS Math}[range={scr, bfscr}]
                                              
A number should have been here; I inserted `0'.
(If you can't figure out why I needed to see a number,
look up `weird error' in the index to The TeXbook.)

./header.tex:53: Illegal unit of measure (pt inserted).
<to be read again> 
scan_stop: 
l.53 \setmathfont{XITS Math}[range={scr, bfscr}]
                                              
Dimensions can be in units of em, ex, in, pt, pc,
cm, mm, dd, cc, nd, nc, bp, or sp; but yours is a new one!
I'll assume that you meant to say pt, for printer's points.
To recover gracefully from this error, it's best to
delete the erroneous units; e.g., type `2' to delete
two letters. (See Chapter 27 of The TeXbook.)

...iKTeX 2.9/tex/luatex/luaotfload/luaotfload-auxiliary.lua:697: attempt to inde
x a nil value (local 'fontdata')
stack traceback:
	...iKTeX 2.9/tex/luatex/luaotfload/luaotfload-auxiliary.lua:697: in field 'get_
math_dimension'
	...ocal/Programs/MiKTeX 2.9/tex/latex/fontspec/fontspec.lua:75: in field 'mathf
ontdimen'
	[\directlua]:1: in main chunk.
lua_now:e #1->__lua_now:n {#1}
                              
l.53 \setmathfont{XITS Math}[range={scr, bfscr}]
                                              
The lua interpreter ran into a problem, so the
remainder of this lua chunk will be ignored.

./header.tex:53: Missing number, treated as zero.
<to be read again> 
scan_stop: 
l.53 \setmathfont{XITS Math}[range={scr, bfscr}]
                                              
A number should have been here; I inserted `0'.
(If you can't figure out why I needed to see a number,
look up `weird error' in the index to The TeXbook.)

./header.tex:53: Illegal unit of measure (pt inserted).
<to be read again> 
scan_stop: 
l.53 \setmathfont{XITS Math}[range={scr, bfscr}]
                                              
Dimensions can be in units of em, ex, in, pt, pc,
cm, mm, dd, cc, nd, nc, bp, or sp; but yours is a new one!
I'll assume that you meant to say pt, for printer's points.
To recover gracefully from this error, it's best to
delete the erroneous units; e.g., type `2' to delete
two letters. (See Chapter 27 of The TeXbook.)

...iKTeX 2.9/tex/luatex/luaotfload/luaotfload-auxiliary.lua:697: attempt to inde
x a nil value (local 'fontdata')
stack traceback:
	...iKTeX 2.9/tex/luatex/luaotfload/luaotfload-auxiliary.lua:697: in field 'get_
math_dimension'
	...ocal/Programs/MiKTeX 2.9/tex/latex/fontspec/fontspec.lua:75: in field 'mathf
ontdimen'
	[\directlua]:1: in main chunk.
lua_now:e #1->__lua_now:n {#1}
                              
l.53 \setmathfont{XITS Math}[range={scr, bfscr}]
                                              
The lua interpreter ran into a problem, so the
remainder of this lua chunk will be ignored.

./header.tex:53: Missing number, treated as zero.
<to be read again> 
scan_stop: 
l.53 \setmathfont{XITS Math}[range={scr, bfscr}]
                                              
A number should have been here; I inserted `0'.
(If you can't figure out why I needed to see a number,
look up `weird error' in the index to The TeXbook.)

./header.tex:53: Illegal unit of measure (pt inserted).
<to be read again> 
scan_stop: 
l.53 \setmathfont{XITS Math}[range={scr, bfscr}]
                                              
Dimensions can be in units of em, ex, in, pt, pc,
cm, mm, dd, cc, nd, nc, bp, or sp; but yours is a new one!
I'll assume that you meant to say pt, for printer's points.
To recover gracefully from this error, it's best to
delete the erroneous units; e.g., type `2' to delete
two letters. (See Chapter 27 of The TeXbook.)

...iKTeX 2.9/tex/luatex/luaotfload/luaotfload-auxiliary.lua:697: attempt to inde
x a nil value (local 'fontdata')
stack traceback:
	...iKTeX 2.9/tex/luatex/luaotfload/luaotfload-auxiliary.lua:697: in field 'get_
math_dimension'
	...ocal/Programs/MiKTeX 2.9/tex/latex/fontspec/fontspec.lua:75: in field 'mathf
ontdimen'
	[\directlua]:1: in main chunk.
lua_now:e #1->__lua_now:n {#1}
                              
l.53 \setmathfont{XITS Math}[range={scr, bfscr}]
                                              
The lua interpreter ran into a problem, so the
remainder of this lua chunk will be ignored.

./header.tex:53: Missing number, treated as zero.
<to be read again> 
scan_stop: 
l.53 \setmathfont{XITS Math}[range={scr, bfscr}]
                                              
A number should have been here; I inserted `0'.
(If you can't figure out why I needed to see a number,
look up `weird error' in the index to The TeXbook.)

./header.tex:53: Illegal unit of measure (pt inserted).
<to be read again> 
scan_stop: 
l.53 \setmathfont{XITS Math}[range={scr, bfscr}]
                                              
Dimensions can be in units of em, ex, in, pt, pc,
cm, mm, dd, cc, nd, nc, bp, or sp; but yours is a new one!
I'll assume that you meant to say pt, for printer's points.
To recover gracefully from this error, it's best to
delete the erroneous units; e.g., type `2' to delete
two letters. (See Chapter 27 of The TeXbook.)

...iKTeX 2.9/tex/luatex/luaotfload/luaotfload-auxiliary.lua:697: attempt to inde
x a nil value (local 'fontdata')
stack traceback:
	...iKTeX 2.9/tex/luatex/luaotfload/luaotfload-auxiliary.lua:697: in field 'get_
math_dimension'
	...ocal/Programs/MiKTeX 2.9/tex/latex/fontspec/fontspec.lua:75: in field 'mathf
ontdimen'
	[\directlua]:1: in main chunk.
lua_now:e #1->__lua_now:n {#1}
                              
l.53 \setmathfont{XITS Math}[range={scr, bfscr}]
                                              
The lua interpreter ran into a problem, so the
remainder of this lua chunk will be ignored.

./header.tex:53: Missing number, treated as zero.
<to be read again> 
scan_stop: 
l.53 \setmathfont{XITS Math}[range={scr, bfscr}]
                                              
A number should have been here; I inserted `0'.
(If you can't figure out why I needed to see a number,
look up `weird error' in the index to The TeXbook.)

./header.tex:53: Illegal unit of measure (pt inserted).
<to be read again> 
scan_stop: 
l.53 \setmathfont{XITS Math}[range={scr, bfscr}]
                                              
Dimensions can be in units of em, ex, in, pt, pc,
cm, mm, dd, cc, nd, nc, bp, or sp; but yours is a new one!
I'll assume that you meant to say pt, for printer's points.
To recover gracefully from this error, it's best to
delete the erroneous units; e.g., type `2' to delete
two letters. (See Chapter 27 of The TeXbook.)

...iKTeX 2.9/tex/luatex/luaotfload/luaotfload-auxiliary.lua:697: attempt to inde
x a nil value (local 'fontdata')
stack traceback:
	...iKTeX 2.9/tex/luatex/luaotfload/luaotfload-auxiliary.lua:697: in field 'get_
math_dimension'
	...ocal/Programs/MiKTeX 2.9/tex/latex/fontspec/fontspec.lua:75: in field 'mathf
ontdimen'
	[\directlua]:1: in main chunk.
lua_now:e #1->__lua_now:n {#1}
                              
l.53 \setmathfont{XITS Math}[range={scr, bfscr}]
                                              
The lua interpreter ran into a problem, so the
remainder of this lua chunk will be ignored.

./header.tex:53: Missing number, treated as zero.
<to be read again> 
scan_stop: 
l.53 \setmathfont{XITS Math}[range={scr, bfscr}]
                                              
A number should have been here; I inserted `0'.
(If you can't figure out why I needed to see a number,
look up `weird error' in the index to The TeXbook.)

./header.tex:53: Illegal unit of measure (pt inserted).
<to be read again> 
scan_stop: 
l.53 \setmathfont{XITS Math}[range={scr, bfscr}]
                                              
Dimensions can be in units of em, ex, in, pt, pc,
cm, mm, dd, cc, nd, nc, bp, or sp; but yours is a new one!
I'll assume that you meant to say pt, for printer's points.
To recover gracefully from this error, it's best to
delete the erroneous units; e.g., type `2' to delete
two letters. (See Chapter 27 of The TeXbook.)

...iKTeX 2.9/tex/luatex/luaotfload/luaotfload-auxiliary.lua:697: attempt to inde
x a nil value (local 'fontdata')
stack traceback:
	...iKTeX 2.9/tex/luatex/luaotfload/luaotfload-auxiliary.lua:697: in field 'get_
math_dimension'
	...ocal/Programs/MiKTeX 2.9/tex/latex/fontspec/fontspec.lua:75: in field 'mathf
ontdimen'
	[\directlua]:1: in main chunk.
lua_now:e #1->__lua_now:n {#1}
                              
l.53 \setmathfont{XITS Math}[range={scr, bfscr}]
                                              
The lua interpreter ran into a problem, so the
remainder of this lua chunk will be ignored.

./header.tex:53: Missing number, treated as zero.
<to be read again> 
scan_stop: 
l.53 \setmathfont{XITS Math}[range={scr, bfscr}]
                                              
A number should have been here; I inserted `0'.
(If you can't figure out why I needed to see a number,
look up `weird error' in the index to The TeXbook.)

./header.tex:53: Illegal unit of measure (pt inserted).
<to be read again> 
scan_stop: 
l.53 \setmathfont{XITS Math}[range={scr, bfscr}]
                                              
Dimensions can be in units of em, ex, in, pt, pc,
cm, mm, dd, cc, nd, nc, bp, or sp; but yours is a new one!
I'll assume that you meant to say pt, for printer's points.
To recover gracefully from this error, it's best to
delete the erroneous units; e.g., type `2' to delete
two letters. (See Chapter 27 of The TeXbook.)

...iKTeX 2.9/tex/luatex/luaotfload/luaotfload-auxiliary.lua:697: attempt to inde
x a nil value (local 'fontdata')
stack traceback:
	...iKTeX 2.9/tex/luatex/luaotfload/luaotfload-auxiliary.lua:697: in field 'get_
math_dimension'
	...ocal/Programs/MiKTeX 2.9/tex/latex/fontspec/fontspec.lua:75: in field 'mathf
ontdimen'
	[\directlua]:1: in main chunk.
lua_now:e #1->__lua_now:n {#1}
                              
l.53 \setmathfont{XITS Math}[range={scr, bfscr}]
                                              
The lua interpreter ran into a problem, so the
remainder of this lua chunk will be ignored.

./header.tex:53: Missing number, treated as zero.
<to be read again> 
scan_stop: 
l.53 \setmathfont{XITS Math}[range={scr, bfscr}]
                                              
A number should have been here; I inserted `0'.
(If you can't figure out why I needed to see a number,
look up `weird error' in the index to The TeXbook.)

./header.tex:53: Illegal unit of measure (pt inserted).
<to be read again> 
scan_stop: 
l.53 \setmathfont{XITS Math}[range={scr, bfscr}]
                                              
Dimensions can be in units of em, ex, in, pt, pc,
cm, mm, dd, cc, nd, nc, bp, or sp; but yours is a new one!
I'll assume that you meant to say pt, for printer's points.
To recover gracefully from this error, it's best to
delete the erroneous units; e.g., type `2' to delete
two letters. (See Chapter 27 of The TeXbook.)

...iKTeX 2.9/tex/luatex/luaotfload/luaotfload-auxiliary.lua:697: attempt to inde
x a nil value (local 'fontdata')
stack traceback:
	...iKTeX 2.9/tex/luatex/luaotfload/luaotfload-auxiliary.lua:697: in field 'get_
math_dimension'
	...ocal/Programs/MiKTeX 2.9/tex/latex/fontspec/fontspec.lua:75: in field 'mathf
ontdimen'
	[\directlua]:1: in main chunk.
lua_now:e #1->__lua_now:n {#1}
                              
l.53 \setmathfont{XITS Math}[range={scr, bfscr}]
                                              
The lua interpreter ran into a problem, so the
remainder of this lua chunk will be ignored.

./header.tex:53: Missing number, treated as zero.
<to be read again> 
scan_stop: 
l.53 \setmathfont{XITS Math}[range={scr, bfscr}]
                                              
A number should have been here; I inserted `0'.
(If you can't figure out why I needed to see a number,
look up `weird error' in the index to The TeXbook.)

./header.tex:53: Illegal unit of measure (pt inserted).
<to be read again> 
scan_stop: 
l.53 \setmathfont{XITS Math}[range={scr, bfscr}]
                                              
Dimensions can be in units of em, ex, in, pt, pc,
cm, mm, dd, cc, nd, nc, bp, or sp; but yours is a new one!
I'll assume that you meant to say pt, for printer's points.
To recover gracefully from this error, it's best to
delete the erroneous units; e.g., type `2' to delete
two letters. (See Chapter 27 of The TeXbook.)

...iKTeX 2.9/tex/luatex/luaotfload/luaotfload-auxiliary.lua:697: attempt to inde
x a nil value (local 'fontdata')
stack traceback:
	...iKTeX 2.9/tex/luatex/luaotfload/luaotfload-auxiliary.lua:697: in field 'get_
math_dimension'
	...ocal/Programs/MiKTeX 2.9/tex/latex/fontspec/fontspec.lua:75: in field 'mathf
ontdimen'
	[\directlua]:1: in main chunk.
lua_now:e #1->__lua_now:n {#1}
                              
l.53 \setmathfont{XITS Math}[range={scr, bfscr}]
                                              
The lua interpreter ran into a problem, so the
remainder of this lua chunk will be ignored.

./header.tex:53: Missing number, treated as zero.
<to be read again> 
scan_stop: 
l.53 \setmathfont{XITS Math}[range={scr, bfscr}]
                                              
A number should have been here; I inserted `0'.
(If you can't figure out why I needed to see a number,
look up `weird error' in the index to The TeXbook.)

./header.tex:53: Illegal unit of measure (pt inserted).
<to be read again> 
scan_stop: 
l.53 \setmathfont{XITS Math}[range={scr, bfscr}]
                                              
Dimensions can be in units of em, ex, in, pt, pc,
cm, mm, dd, cc, nd, nc, bp, or sp; but yours is a new one!
I'll assume that you meant to say pt, for printer's points.
To recover gracefully from this error, it's best to
delete the erroneous units; e.g., type `2' to delete
two letters. (See Chapter 27 of The TeXbook.)

...iKTeX 2.9/tex/luatex/luaotfload/luaotfload-auxiliary.lua:697: attempt to inde
x a nil value (local 'fontdata')
stack traceback:
	...iKTeX 2.9/tex/luatex/luaotfload/luaotfload-auxiliary.lua:697: in field 'get_
math_dimension'
	...ocal/Programs/MiKTeX 2.9/tex/latex/fontspec/fontspec.lua:75: in field 'mathf
ontdimen'
	[\directlua]:1: in main chunk.
lua_now:e #1->__lua_now:n {#1}
                              
l.53 \setmathfont{XITS Math}[range={scr, bfscr}]
                                              
The lua interpreter ran into a problem, so the
remainder of this lua chunk will be ignored.

./header.tex:53: Missing number, treated as zero.
<to be read again> 
scan_stop: 
l.53 \setmathfont{XITS Math}[range={scr, bfscr}]
                                              
A number should have been here; I inserted `0'.
(If you can't figure out why I needed to see a number,
look up `weird error' in the index to The TeXbook.)

./header.tex:53: Illegal unit of measure (pt inserted).
<to be read again> 
scan_stop: 
l.53 \setmathfont{XITS Math}[range={scr, bfscr}]
                                              
Dimensions can be in units of em, ex, in, pt, pc,
cm, mm, dd, cc, nd, nc, bp, or sp; but yours is a new one!
I'll assume that you meant to say pt, for printer's points.
To recover gracefully from this error, it's best to
delete the erroneous units; e.g., type `2' to delete
two letters. (See Chapter 27 of The TeXbook.)

\sym__um_fam1=\mathgroup6
LaTeX Font Info:    Overwriting symbol font `__um_fam1' in version `normal'
(Font)                  TU/XITSMath(0)/m/n --> TU/XITSMath(0)/m/n on input line
 53.
LaTeX Font Info:    Overwriting symbol font `__um_fam1' in version `bold'
(Font)                  TU/XITSMath(0)/m/n --> TU/XITSMath(0)/b/n on input line
 53.
luaotfload | resolve : sequence of 3 lookups yielded nothing appropriate.
./header.tex:53: Font \TU/XITSMath(0)/m/n/7.665=XITSMath:mode=base;language=dflt
; at 7.66499pt not loadable: metric data not found or bad.
<to be read again> 
relax 
l.53 \setmathfont{XITS Math}[range={scr, bfscr}]
                                              
I wasn't able to read the size data for this font,
so I will ignore the font specification.
[Wizards can fix TFM files using TFtoPL/PLtoTF.]
You might try inserting a different font spec;
e.g., type `I\font<same font id>=<substitute font name>'.

...iKTeX 2.9/tex/luatex/luaotfload/luaotfload-auxiliary.lua:697: attempt to inde
x a nil value (local 'fontdata')
stack traceback:
	...iKTeX 2.9/tex/luatex/luaotfload/luaotfload-auxiliary.lua:697: in field 'get_
math_dimension'
	...ocal/Programs/MiKTeX 2.9/tex/latex/fontspec/fontspec.lua:75: in field 'mathf
ontdimen'
	[\directlua]:1: in main chunk.
lua_now:e #1->__lua_now:n {#1}
                              
l.53 \setmathfont{XITS Math}[range={scr, bfscr}]
                                              
The lua interpreter ran into a problem, so the
remainder of this lua chunk will be ignored.

./header.tex:53: Missing number, treated as zero.
<to be read again> 
scan_stop: 
l.53 \setmathfont{XITS Math}[range={scr, bfscr}]
                                              
A number should have been here; I inserted `0'.
(If you can't figure out why I needed to see a number,
look up `weird error' in the index to The TeXbook.)

./header.tex:53: Illegal unit of measure (pt inserted).
<to be read again> 
scan_stop: 
l.53 \setmathfont{XITS Math}[range={scr, bfscr}]
                                              
Dimensions can be in units of em, ex, in, pt, pc,
cm, mm, dd, cc, nd, nc, bp, or sp; but yours is a new one!
I'll assume that you meant to say pt, for printer's points.
To recover gracefully from this error, it's best to
delete the erroneous units; e.g., type `2' to delete
two letters. (See Chapter 27 of The TeXbook.)

...iKTeX 2.9/tex/luatex/luaotfload/luaotfload-auxiliary.lua:697: attempt to inde
x a nil value (local 'fontdata')
stack traceback:
	...iKTeX 2.9/tex/luatex/luaotfload/luaotfload-auxiliary.lua:697: in field 'get_
math_dimension'
	...ocal/Programs/MiKTeX 2.9/tex/latex/fontspec/fontspec.lua:75: in field 'mathf
ontdimen'
	[\directlua]:1: in main chunk.
lua_now:e #1->__lua_now:n {#1}
                              
l.53 \setmathfont{XITS Math}[range={scr, bfscr}]
                                              
The lua interpreter ran into a problem, so the
remainder of this lua chunk will be ignored.

./header.tex:53: Missing number, treated as zero.
<to be read again> 
scan_stop: 
l.53 \setmathfont{XITS Math}[range={scr, bfscr}]
                                              
A number should have been here; I inserted `0'.
(If you can't figure out why I needed to see a number,
look up `weird error' in the index to The TeXbook.)

./header.tex:53: Illegal unit of measure (pt inserted).
<to be read again> 
scan_stop: 
l.53 \setmathfont{XITS Math}[range={scr, bfscr}]
                                              
Dimensions can be in units of em, ex, in, pt, pc,
cm, mm, dd, cc, nd, nc, bp, or sp; but yours is a new one!
I'll assume that you meant to say pt, for printer's points.
To recover gracefully from this error, it's best to
delete the erroneous units; e.g., type `2' to delete
two letters. (See Chapter 27 of The TeXbook.)

...iKTeX 2.9/tex/luatex/luaotfload/luaotfload-auxiliary.lua:697: attempt to inde
x a nil value (local 'fontdata')
stack traceback:
	...iKTeX 2.9/tex/luatex/luaotfload/luaotfload-auxiliary.lua:697: in field 'get_
math_dimension'
	...ocal/Programs/MiKTeX 2.9/tex/latex/fontspec/fontspec.lua:75: in field 'mathf
ontdimen'
	[\directlua]:1: in main chunk.
lua_now:e #1->__lua_now:n {#1}
                              
l.53 \setmathfont{XITS Math}[range={scr, bfscr}]
                                              
The lua interpreter ran into a problem, so the
remainder of this lua chunk will be ignored.

./header.tex:53: Missing number, treated as zero.
<to be read again> 
scan_stop: 
l.53 \setmathfont{XITS Math}[range={scr, bfscr}]
                                              
A number should have been here; I inserted `0'.
(If you can't figure out why I needed to see a number,
look up `weird error' in the index to The TeXbook.)

./header.tex:53: Illegal unit of measure (pt inserted).
<to be read again> 
scan_stop: 
l.53 \setmathfont{XITS Math}[range={scr, bfscr}]
                                              
Dimensions can be in units of em, ex, in, pt, pc,
cm, mm, dd, cc, nd, nc, bp, or sp; but yours is a new one!
I'll assume that you meant to say pt, for printer's points.
To recover gracefully from this error, it's best to
delete the erroneous units; e.g., type `2' to delete
two letters. (See Chapter 27 of The TeXbook.)

...iKTeX 2.9/tex/luatex/luaotfload/luaotfload-auxiliary.lua:697: attempt to inde
x a nil value (local 'fontdata')
stack traceback:
	...iKTeX 2.9/tex/luatex/luaotfload/luaotfload-auxiliary.lua:697: in field 'get_
math_dimension'
	...ocal/Programs/MiKTeX 2.9/tex/latex/fontspec/fontspec.lua:75: in field 'mathf
ontdimen'
	[\directlua]:1: in main chunk.
lua_now:e #1->__lua_now:n {#1}
                              
l.53 \setmathfont{XITS Math}[range={scr, bfscr}]
                                              
The lua interpreter ran into a problem, so the
remainder of this lua chunk will be ignored.

./header.tex:53: Missing number, treated as zero.
<to be read again> 
scan_stop: 
l.53 \setmathfont{XITS Math}[range={scr, bfscr}]
                                              
A number should have been here; I inserted `0'.
(If you can't figure out why I needed to see a number,
look up `weird error' in the index to The TeXbook.)

./header.tex:53: Illegal unit of measure (pt inserted).
<to be read again> 
scan_stop: 
l.53 \setmathfont{XITS Math}[range={scr, bfscr}]
                                              
Dimensions can be in units of em, ex, in, pt, pc,
cm, mm, dd, cc, nd, nc, bp, or sp; but yours is a new one!
I'll assume that you meant to say pt, for printer's points.
To recover gracefully from this error, it's best to
delete the erroneous units; e.g., type `2' to delete
two letters. (See Chapter 27 of The TeXbook.)

...iKTeX 2.9/tex/luatex/luaotfload/luaotfload-auxiliary.lua:697: attempt to inde
x a nil value (local 'fontdata')
stack traceback:
	...iKTeX 2.9/tex/luatex/luaotfload/luaotfload-auxiliary.lua:697: in field 'get_
math_dimension'
	...ocal/Programs/MiKTeX 2.9/tex/latex/fontspec/fontspec.lua:75: in field 'mathf
ontdimen'
	[\directlua]:1: in main chunk.
lua_now:e #1->__lua_now:n {#1}
                              
l.53 \setmathfont{XITS Math}[range={scr, bfscr}]
                                              
The lua interpreter ran into a problem, so the
remainder of this lua chunk will be ignored.

./header.tex:53: Missing number, treated as zero.
<to be read again> 
scan_stop: 
l.53 \setmathfont{XITS Math}[range={scr, bfscr}]
                                              
A number should have been here; I inserted `0'.
(If you can't figure out why I needed to see a number,
look up `weird error' in the index to The TeXbook.)

./header.tex:53: Illegal unit of measure (pt inserted).
<to be read again> 
scan_stop: 
l.53 \setmathfont{XITS Math}[range={scr, bfscr}]
                                              
Dimensions can be in units of em, ex, in, pt, pc,
cm, mm, dd, cc, nd, nc, bp, or sp; but yours is a new one!
I'll assume that you meant to say pt, for printer's points.
To recover gracefully from this error, it's best to
delete the erroneous units; e.g., type `2' to delete
two letters. (See Chapter 27 of The TeXbook.)

...iKTeX 2.9/tex/luatex/luaotfload/luaotfload-auxiliary.lua:697: attempt to inde
x a nil value (local 'fontdata')
stack traceback:
	...iKTeX 2.9/tex/luatex/luaotfload/luaotfload-auxiliary.lua:697: in field 'get_
math_dimension'
	...ocal/Programs/MiKTeX 2.9/tex/latex/fontspec/fontspec.lua:75: in field 'mathf
ontdimen'
	[\directlua]:1: in main chunk.
lua_now:e #1->__lua_now:n {#1}
                              
l.53 \setmathfont{XITS Math}[range={scr, bfscr}]
                                              
The lua interpreter ran into a problem, so the
remainder of this lua chunk will be ignored.

./header.tex:53: Missing number, treated as zero.
<to be read again> 
scan_stop: 
l.53 \setmathfont{XITS Math}[range={scr, bfscr}]
                                              
A number should have been here; I inserted `0'.
(If you can't figure out why I needed to see a number,
look up `weird error' in the index to The TeXbook.)

./header.tex:53: Illegal unit of measure (pt inserted).
<to be read again> 
scan_stop: 
l.53 \setmathfont{XITS Math}[range={scr, bfscr}]
                                              
Dimensions can be in units of em, ex, in, pt, pc,
cm, mm, dd, cc, nd, nc, bp, or sp; but yours is a new one!
I'll assume that you meant to say pt, for printer's points.
To recover gracefully from this error, it's best to
delete the erroneous units; e.g., type `2' to delete
two letters. (See Chapter 27 of The TeXbook.)

...iKTeX 2.9/tex/luatex/luaotfload/luaotfload-auxiliary.lua:697: attempt to inde
x a nil value (local 'fontdata')
stack traceback:
	...iKTeX 2.9/tex/luatex/luaotfload/luaotfload-auxiliary.lua:697: in field 'get_
math_dimension'
	...ocal/Programs/MiKTeX 2.9/tex/latex/fontspec/fontspec.lua:75: in field 'mathf
ontdimen'
	[\directlua]:1: in main chunk.
lua_now:e #1->__lua_now:n {#1}
                              
l.53 \setmathfont{XITS Math}[range={scr, bfscr}]
                                              
The lua interpreter ran into a problem, so the
remainder of this lua chunk will be ignored.

./header.tex:53: Missing number, treated as zero.
<to be read again> 
scan_stop: 
l.53 \setmathfont{XITS Math}[range={scr, bfscr}]
                                              
A number should have been here; I inserted `0'.
(If you can't figure out why I needed to see a number,
look up `weird error' in the index to The TeXbook.)

./header.tex:53: Illegal unit of measure (pt inserted).
<to be read again> 
scan_stop: 
l.53 \setmathfont{XITS Math}[range={scr, bfscr}]
                                              
Dimensions can be in units of em, ex, in, pt, pc,
cm, mm, dd, cc, nd, nc, bp, or sp; but yours is a new one!
I'll assume that you meant to say pt, for printer's points.
To recover gracefully from this error, it's best to
delete the erroneous units; e.g., type `2' to delete
two letters. (See Chapter 27 of The TeXbook.)

...iKTeX 2.9/tex/luatex/luaotfload/luaotfload-auxiliary.lua:697: attempt to inde
x a nil value (local 'fontdata')
stack traceback:
	...iKTeX 2.9/tex/luatex/luaotfload/luaotfload-auxiliary.lua:697: in field 'get_
math_dimension'
	...ocal/Programs/MiKTeX 2.9/tex/latex/fontspec/fontspec.lua:75: in field 'mathf
ontdimen'
	[\directlua]:1: in main chunk.
lua_now:e #1->__lua_now:n {#1}
                              
l.53 \setmathfont{XITS Math}[range={scr, bfscr}]
                                              
The lua interpreter ran into a problem, so the
remainder of this lua chunk will be ignored.

./header.tex:53: Missing number, treated as zero.
<to be read again> 
scan_stop: 
l.53 \setmathfont{XITS Math}[range={scr, bfscr}]
                                              
A number should have been here; I inserted `0'.
(If you can't figure out why I needed to see a number,
look up `weird error' in the index to The TeXbook.)

./header.tex:53: Illegal unit of measure (pt inserted).
<to be read again> 
scan_stop: 
l.53 \setmathfont{XITS Math}[range={scr, bfscr}]
                                              
Dimensions can be in units of em, ex, in, pt, pc,
cm, mm, dd, cc, nd, nc, bp, or sp; but yours is a new one!
I'll assume that you meant to say pt, for printer's points.
To recover gracefully from this error, it's best to
delete the erroneous units; e.g., type `2' to delete
two letters. (See Chapter 27 of The TeXbook.)

...iKTeX 2.9/tex/luatex/luaotfload/luaotfload-auxiliary.lua:697: attempt to inde
x a nil value (local 'fontdata')
stack traceback:
	...iKTeX 2.9/tex/luatex/luaotfload/luaotfload-auxiliary.lua:697: in field 'get_
math_dimension'
	...ocal/Programs/MiKTeX 2.9/tex/latex/fontspec/fontspec.lua:75: in field 'mathf
ontdimen'
	[\directlua]:1: in main chunk.
lua_now:e #1->__lua_now:n {#1}
                              
l.53 \setmathfont{XITS Math}[range={scr, bfscr}]
                                              
The lua interpreter ran into a problem, so the
remainder of this lua chunk will be ignored.

./header.tex:53: Missing number, treated as zero.
<to be read again> 
scan_stop: 
l.53 \setmathfont{XITS Math}[range={scr, bfscr}]
                                              
A number should have been here; I inserted `0'.
(If you can't figure out why I needed to see a number,
look up `weird error' in the index to The TeXbook.)

./header.tex:53: Illegal unit of measure (pt inserted).
<to be read again> 
scan_stop: 
l.53 \setmathfont{XITS Math}[range={scr, bfscr}]
                                              
Dimensions can be in units of em, ex, in, pt, pc,
cm, mm, dd, cc, nd, nc, bp, or sp; but yours is a new one!
I'll assume that you meant to say pt, for printer's points.
To recover gracefully from this error, it's best to
delete the erroneous units; e.g., type `2' to delete
two letters. (See Chapter 27 of The TeXbook.)

...iKTeX 2.9/tex/luatex/luaotfload/luaotfload-auxiliary.lua:697: attempt to inde
x a nil value (local 'fontdata')
stack traceback:
	...iKTeX 2.9/tex/luatex/luaotfload/luaotfload-auxiliary.lua:697: in field 'get_
math_dimension'
	...ocal/Programs/MiKTeX 2.9/tex/latex/fontspec/fontspec.lua:75: in field 'mathf
ontdimen'
	[\directlua]:1: in main chunk.
lua_now:e #1->__lua_now:n {#1}
                              
l.53 \setmathfont{XITS Math}[range={scr, bfscr}]
                                              
The lua interpreter ran into a problem, so the
remainder of this lua chunk will be ignored.

./header.tex:53: Missing number, treated as zero.
<to be read again> 
scan_stop: 
l.53 \setmathfont{XITS Math}[range={scr, bfscr}]
                                              
A number should have been here; I inserted `0'.
(If you can't figure out why I needed to see a number,
look up `weird error' in the index to The TeXbook.)

./header.tex:53: Illegal unit of measure (pt inserted).
<to be read again> 
scan_stop: 
l.53 \setmathfont{XITS Math}[range={scr, bfscr}]
                                              
Dimensions can be in units of em, ex, in, pt, pc,
cm, mm, dd, cc, nd, nc, bp, or sp; but yours is a new one!
I'll assume that you meant to say pt, for printer's points.
To recover gracefully from this error, it's best to
delete the erroneous units; e.g., type `2' to delete
two letters. (See Chapter 27 of The TeXbook.)

...iKTeX 2.9/tex/luatex/luaotfload/luaotfload-auxiliary.lua:697: attempt to inde
x a nil value (local 'fontdata')
stack traceback:
	...iKTeX 2.9/tex/luatex/luaotfload/luaotfload-auxiliary.lua:697: in field 'get_
math_dimension'
	...ocal/Programs/MiKTeX 2.9/tex/latex/fontspec/fontspec.lua:75: in field 'mathf
ontdimen'
	[\directlua]:1: in main chunk.
lua_now:e #1->__lua_now:n {#1}
                              
l.53 \setmathfont{XITS Math}[range={scr, bfscr}]
                                              
The lua interpreter ran into a problem, so the
remainder of this lua chunk will be ignored.

./header.tex:53: Missing number, treated as zero.
<to be read again> 
scan_stop: 
l.53 \setmathfont{XITS Math}[range={scr, bfscr}]
                                              
A number should have been here; I inserted `0'.
(If you can't figure out why I needed to see a number,
look up `weird error' in the index to The TeXbook.)

./header.tex:53: Illegal unit of measure (pt inserted).
<to be read again> 
scan_stop: 
l.53 \setmathfont{XITS Math}[range={scr, bfscr}]
                                              
Dimensions can be in units of em, ex, in, pt, pc,
cm, mm, dd, cc, nd, nc, bp, or sp; but yours is a new one!
I'll assume that you meant to say pt, for printer's points.
To recover gracefully from this error, it's best to
delete the erroneous units; e.g., type `2' to delete
two letters. (See Chapter 27 of The TeXbook.)

...iKTeX 2.9/tex/luatex/luaotfload/luaotfload-auxiliary.lua:697: attempt to inde
x a nil value (local 'fontdata')
stack traceback:
	...iKTeX 2.9/tex/luatex/luaotfload/luaotfload-auxiliary.lua:697: in field 'get_
math_dimension'
	...ocal/Programs/MiKTeX 2.9/tex/latex/fontspec/fontspec.lua:75: in field 'mathf
ontdimen'
	[\directlua]:1: in main chunk.
lua_now:e #1->__lua_now:n {#1}
                              
l.53 \setmathfont{XITS Math}[range={scr, bfscr}]
                                              
The lua interpreter ran into a problem, so the
remainder of this lua chunk will be ignored.

./header.tex:53: Missing number, treated as zero.
<to be read again> 
scan_stop: 
l.53 \setmathfont{XITS Math}[range={scr, bfscr}]
                                              
A number should have been here; I inserted `0'.
(If you can't figure out why I needed to see a number,
look up `weird error' in the index to The TeXbook.)

./header.tex:53: Illegal unit of measure (pt inserted).
<to be read again> 
scan_stop: 
l.53 \setmathfont{XITS Math}[range={scr, bfscr}]
                                              
Dimensions can be in units of em, ex, in, pt, pc,
cm, mm, dd, cc, nd, nc, bp, or sp; but yours is a new one!
I'll assume that you meant to say pt, for printer's points.
To recover gracefully from this error, it's best to
delete the erroneous units; e.g., type `2' to delete
two letters. (See Chapter 27 of The TeXbook.)

...iKTeX 2.9/tex/luatex/luaotfload/luaotfload-auxiliary.lua:697: attempt to inde
x a nil value (local 'fontdata')
stack traceback:
	...iKTeX 2.9/tex/luatex/luaotfload/luaotfload-auxiliary.lua:697: in field 'get_
math_dimension'
	...ocal/Programs/MiKTeX 2.9/tex/latex/fontspec/fontspec.lua:75: in field 'mathf
ontdimen'
	[\directlua]:1: in main chunk.
lua_now:e #1->__lua_now:n {#1}
                              
l.53 \setmathfont{XITS Math}[range={scr, bfscr}]
                                              
The lua interpreter ran into a problem, so the
remainder of this lua chunk will be ignored.

./header.tex:53: Missing number, treated as zero.
<to be read again> 
scan_stop: 
l.53 \setmathfont{XITS Math}[range={scr, bfscr}]
                                              
A number should have been here; I inserted `0'.
(If you can't figure out why I needed to see a number,
look up `weird error' in the index to The TeXbook.)

./header.tex:53: Illegal unit of measure (pt inserted).
<to be read again> 
scan_stop: 
l.53 \setmathfont{XITS Math}[range={scr, bfscr}]
                                              
(That makes 100 errors; please try again.)

Here is how much of LuaTeX's memory you used:
 14020 strings out of 477752
 100000,1144653 words of node,token memory allocated
 528 words of node memory still in use:
   6 hlist, 1 vlist, 2 rule, 1 dir, 3 glue, 4 kern, 1 glyph, 6 attribute, 59 glu
e_spec, 6 attribute_list, 3 if_stack, 1 write nodes
   avail lists: 1:1,2:12,3:2,4:1,5:9,7:26,9:2,11:3
 34379 multiletter control sequences out of 65536+600000
 38 fonts using 11421651 bytes
 113i,1n,117p,10634b,2933s stack positions out of 10000i,1000n,20000p,200000b,80000s
./header.tex:53:  ==> Fatal error occurred, no output PDF file produced!
